c:\graphics\direct3d11tutorials\tutorial04\debug\vc142.pdb
c:\graphics\direct3d11tutorials\tutorial04\debug\vc142.idb
c:\graphics\direct3d11tutorials\tutorial04\debug\tutorial04.obj
c:\graphics\direct3d11tutorials\tutorial04\debug\ddstextureloader.obj
c:\graphics\direct3d11tutorials\debug\pixelshader.cso
c:\graphics\direct3d11tutorials\debug\tutorial04_ps.cso
c:\graphics\direct3d11tutorials\debug\tutorial04_vs.cso
c:\graphics\direct3d11tutorials\debug\vertexshader.cso
c:\graphics\direct3d11tutorials\tutorial04\debug\tutorial04.ilk
c:\graphics\direct3d11tutorials\debug\tutorial04.exe
c:\graphics\direct3d11tutorials\debug\tutorial04.pdb
c:\graphics\direct3d11tutorials\tutorial04\debug\tutorial04.res
c:\graphics\direct3d11tutorials\tutorial04\debug\tutorial04.tlog\cl.command.1.tlog
c:\graphics\direct3d11tutorials\tutorial04\debug\tutorial04.tlog\cl.read.1.tlog
c:\graphics\direct3d11tutorials\tutorial04\debug\tutorial04.tlog\cl.write.1.tlog
c:\graphics\direct3d11tutorials\tutorial04\debug\tutorial04.tlog\fxc.command.1.tlog
c:\graphics\direct3d11tutorials\tutorial04\debug\tutorial04.tlog\fxc.read.1.tlog
c:\graphics\direct3d11tutorials\tutorial04\debug\tutorial04.tlog\fxc.write.1.tlog
c:\graphics\direct3d11tutorials\tutorial04\debug\tutorial04.tlog\link.command.1.tlog
c:\graphics\direct3d11tutorials\tutorial04\debug\tutorial04.tlog\link.read.1.tlog
c:\graphics\direct3d11tutorials\tutorial04\debug\tutorial04.tlog\link.write.1.tlog
c:\graphics\direct3d11tutorials\tutorial04\debug\tutorial04.tlog\rc.command.1.tlog
c:\graphics\direct3d11tutorials\tutorial04\debug\tutorial04.tlog\rc.read.1.tlog
c:\graphics\direct3d11tutorials\tutorial04\debug\tutorial04.tlog\rc.write.1.tlog
