\\adir.hull.ac.uk\home\677\677436\real time graphics\direct3d11tutorials\tutorial07\debug\vc142.pdb
\\adir.hull.ac.uk\home\677\677436\real time graphics\direct3d11tutorials\tutorial07\debug\vc142.idb
\\adir.hull.ac.uk\home\677\677436\real time graphics\direct3d11tutorials\tutorial07\debug\tutorial07.obj
\\adir.hull.ac.uk\home\677\677436\real time graphics\direct3d11tutorials\tutorial07\debug\ddstextureloader.obj
\\adir.hull.ac.uk\home\677\677436\real time graphics\direct3d11tutorials\tutorial07\debug\tutorial07.ilk
\\adir.hull.ac.uk\home\677\677436\real time graphics\direct3d11tutorials\debug\tutorial07.exe
\\adir.hull.ac.uk\home\677\677436\real time graphics\direct3d11tutorials\debug\tutorial07.pdb
\\adir.hull.ac.uk\home\677\677436\real time graphics\direct3d11tutorials\tutorial07\debug\tutorial07.res
\\adir.hull.ac.uk\home\677\677436\real time graphics\direct3d11tutorials\tutorial07\debug\tutorial07.tlog\cl.command.1.tlog
\\adir.hull.ac.uk\home\677\677436\real time graphics\direct3d11tutorials\tutorial07\debug\tutorial07.tlog\cl.read.1.tlog
\\adir.hull.ac.uk\home\677\677436\real time graphics\direct3d11tutorials\tutorial07\debug\tutorial07.tlog\cl.write.1.tlog
\\adir.hull.ac.uk\home\677\677436\real time graphics\direct3d11tutorials\tutorial07\debug\tutorial07.tlog\fxc.command.1.tlog
\\adir.hull.ac.uk\home\677\677436\real time graphics\direct3d11tutorials\tutorial07\debug\tutorial07.tlog\fxc.read.1.tlog
\\adir.hull.ac.uk\home\677\677436\real time graphics\direct3d11tutorials\tutorial07\debug\tutorial07.tlog\fxc.write.1.tlog
\\adir.hull.ac.uk\home\677\677436\real time graphics\direct3d11tutorials\tutorial07\debug\tutorial07.tlog\link.command.1.tlog
\\adir.hull.ac.uk\home\677\677436\real time graphics\direct3d11tutorials\tutorial07\debug\tutorial07.tlog\link.read.1.tlog
\\adir.hull.ac.uk\home\677\677436\real time graphics\direct3d11tutorials\tutorial07\debug\tutorial07.tlog\link.write.1.tlog
\\adir.hull.ac.uk\home\677\677436\real time graphics\direct3d11tutorials\tutorial07\debug\tutorial07.tlog\rc.command.1.tlog
\\adir.hull.ac.uk\home\677\677436\real time graphics\direct3d11tutorials\tutorial07\debug\tutorial07.tlog\rc.read.1.tlog
\\adir.hull.ac.uk\home\677\677436\real time graphics\direct3d11tutorials\tutorial07\debug\tutorial07.tlog\rc.write.1.tlog
